0 info it worked if it ends with ok
1 verbose cli [ 'C:\\Program Files\\nodejs\\node.exe',
1 verbose cli   'C:\\Program Files\\nodejs\\node_modules\\npm\\bin\\npm-cli.js',
1 verbose cli   'run',
1 verbose cli   'run-fullmap' ]
2 info using npm@3.10.10
3 info using node@v6.10.3
4 verbose run-script [ 'prerun-fullmap', 'run-fullmap', 'postrun-fullmap' ]
5 info lifecycle mattermost-webapp@0.0.1~prerun-fullmap: mattermost-webapp@0.0.1
6 silly lifecycle mattermost-webapp@0.0.1~prerun-fullmap: no script for prerun-fullmap, continuing
7 info lifecycle mattermost-webapp@0.0.1~run-fullmap: mattermost-webapp@0.0.1
8 verbose lifecycle mattermost-webapp@0.0.1~run-fullmap: unsafe-perm in lifecycle true
9 verbose lifecycle mattermost-webapp@0.0.1~run-fullmap: PATH: C:\Program Files\nodejs\node_modules\npm\bin\node-gyp-bin;E:\justice\justice-react-webapp\chat_sys\node_modules\.bin;C:\ProgramData\Oracle\Java\javapath;C:\Windows\system32;C:\Windows;C:\Windows\System32\Wbem;C:\Windows\System32\WindowsPowerShell\v1.0\;C:\Program Files\nodejs\;C:\Program Files\Git\cmd;C:\Users\Administrator\AppData\Local\atom\atom.exe;C:\Users\Administrator\AppData\Roaming\npm;C:\Users\Administrator\AppData\Roaming\npm;C:\Users\Administrator\AppData\Local\atom\atom.exe;C:\Users\Administrator\AppData\Local\atom\bin;.;;.;;.;
10 verbose lifecycle mattermost-webapp@0.0.1~run-fullmap: CWD: E:\justice\justice-react-webapp\chat_sys
11 silly lifecycle mattermost-webapp@0.0.1~run-fullmap: Args: [ '/d /s /c', 'webpack --progress --watch' ]
12 silly lifecycle mattermost-webapp@0.0.1~run-fullmap: Returned: code: 3221225786  signal: null
13 info lifecycle mattermost-webapp@0.0.1~run-fullmap: Failed to exec run-fullmap script
14 verbose stack Error: mattermost-webapp@0.0.1 run-fullmap: `webpack --progress --watch`
14 verbose stack Exit status 3221225786
14 verbose stack     at EventEmitter.<anonymous> (C:\Program Files\nodejs\node_modules\npm\lib\utils\lifecycle.js:255:16)
14 verbose stack     at emitTwo (events.js:106:13)
14 verbose stack     at EventEmitter.emit (events.js:191:7)
14 verbose stack     at ChildProcess.<anonymous> (C:\Program Files\nodejs\node_modules\npm\lib\utils\spawn.js:40:14)
14 verbose stack     at emitTwo (events.js:106:13)
14 verbose stack     at ChildProcess.emit (events.js:191:7)
14 verbose stack     at maybeClose (internal/child_process.js:886:16)
14 verbose stack     at Process.ChildProcess._handle.onexit (internal/child_process.js:226:5)
15 verbose pkgid mattermost-webapp@0.0.1
16 verbose cwd E:\justice\justice-react-webapp\chat_sys
17 error Windows_NT 6.1.7601
18 error argv "C:\\Program Files\\nodejs\\node.exe" "C:\\Program Files\\nodejs\\node_modules\\npm\\bin\\npm-cli.js" "run" "run-fullmap"
19 error node v6.10.3
20 error npm  v3.10.10
21 error code ELIFECYCLE
22 error mattermost-webapp@0.0.1 run-fullmap: `webpack --progress --watch`
22 error Exit status 3221225786
23 error Failed at the mattermost-webapp@0.0.1 run-fullmap script 'webpack --progress --watch'.
23 error Make sure you have the latest version of node.js and npm installed.
23 error If you do, this is most likely a problem with the mattermost-webapp package,
23 error not with npm itself.
23 error Tell the author that this fails on your system:
23 error     webpack --progress --watch
23 error You can get information on how to open an issue for this project with:
23 error     npm bugs mattermost-webapp
23 error Or if that isn't available, you can get their info via:
23 error     npm owner ls mattermost-webapp
23 error There is likely additional logging output above.
24 verbose exit [ 1, true ]
